<?xml version="1.0" encoding="UTF-8"?>
<robot generator="Robot 6.1.1 (Python 3.11.0 on win32)" generated="20250205 12:14:45.227" rpa="false" schemaversion="4">
<suite id="s1" name="Winnings Test" source="C:\Users\attem\OneDrive\Työpöytä\nettilotto\robot_tests\winnings_test.robot">
<test id="s1-t1" name="Testaa 7 Oikein" line="6">
<kw name="Tarkista Voitto" library="NettiLotto">
<var>${voitto}</var>
<arg>1 2 3 4 5 6 7</arg>
<arg>1 2 3 4 5 6 7</arg>
<arg>8</arg>
<arg>1.0</arg>
<msg timestamp="20250205 12:14:45.270" level="INFO">${voitto} = 1000000.0</msg>
<status status="PASS" starttime="20250205 12:14:45.270" endtime="20250205 12:14:45.270"/>
</kw>
<kw name="Should Be Equal As Numbers" library="BuiltIn">
<arg>${voitto}</arg>
<arg>1000000</arg>
<doc>Fails if objects are unequal after converting them to real numbers.</doc>
<msg timestamp="20250205 12:14:45.271" level="INFO">Argument types are:
&lt;class 'float'&gt;
&lt;class 'str'&gt;</msg>
<status status="PASS" starttime="20250205 12:14:45.271" endtime="20250205 12:14:45.271"/>
</kw>
<status status="PASS" starttime="20250205 12:14:45.270" endtime="20250205 12:14:45.271"/>
</test>
<test id="s1-t2" name="Testaa 6 Oikein + Lisänumero" line="10">
<kw name="Tarkista Voitto" library="NettiLotto">
<var>${voitto}</var>
<arg>1 2 3 4 5 6 8</arg>
<arg>1 2 3 4 5 6 7</arg>
<arg>8</arg>
<arg>1.0</arg>
<msg timestamp="20250205 12:14:45.272" level="INFO">${voitto} = 100000.0</msg>
<status status="PASS" starttime="20250205 12:14:45.272" endtime="20250205 12:14:45.272"/>
</kw>
<kw name="Should Be Equal As Numbers" library="BuiltIn">
<arg>${voitto}</arg>
<arg>100000</arg>
<doc>Fails if objects are unequal after converting them to real numbers.</doc>
<msg timestamp="20250205 12:14:45.273" level="INFO">Argument types are:
&lt;class 'float'&gt;
&lt;class 'str'&gt;</msg>
<status status="PASS" starttime="20250205 12:14:45.273" endtime="20250205 12:14:45.273"/>
</kw>
<status status="PASS" starttime="20250205 12:14:45.272" endtime="20250205 12:14:45.273"/>
</test>
<test id="s1-t3" name="Testaa 6 Oikein" line="14">
<kw name="Tarkista Voitto" library="NettiLotto">
<var>${voitto}</var>
<arg>1 2 3 4 5 6 9</arg>
<arg>1 2 3 4 5 6 7</arg>
<arg>8</arg>
<arg>1.0</arg>
<msg timestamp="20250205 12:14:45.275" level="INFO">${voitto} = 2000.0</msg>
<status status="PASS" starttime="20250205 12:14:45.274" endtime="20250205 12:14:45.275"/>
</kw>
<kw name="Should Be Equal As Numbers" library="BuiltIn">
<arg>${voitto}</arg>
<arg>2000</arg>
<doc>Fails if objects are unequal after converting them to real numbers.</doc>
<msg timestamp="20250205 12:14:45.275" level="INFO">Argument types are:
&lt;class 'float'&gt;
&lt;class 'str'&gt;</msg>
<status status="PASS" starttime="20250205 12:14:45.275" endtime="20250205 12:14:45.275"/>
</kw>
<status status="PASS" starttime="20250205 12:14:45.274" endtime="20250205 12:14:45.275"/>
</test>
<test id="s1-t4" name="Testaa 5 Oikein" line="18">
<kw name="Tarkista Voitto" library="NettiLotto">
<var>${voitto}</var>
<arg>1 2 3 4 5 10 11</arg>
<arg>1 2 3 4 5 6 7</arg>
<arg>8</arg>
<arg>1.0</arg>
<msg timestamp="20250205 12:14:45.277" level="INFO">${voitto} = 50.0</msg>
<status status="PASS" starttime="20250205 12:14:45.277" endtime="20250205 12:14:45.277"/>
</kw>
<kw name="Should Be Equal As Numbers" library="BuiltIn">
<arg>${voitto}</arg>
<arg>50</arg>
<doc>Fails if objects are unequal after converting them to real numbers.</doc>
<msg timestamp="20250205 12:14:45.277" level="INFO">Argument types are:
&lt;class 'float'&gt;
&lt;class 'str'&gt;</msg>
<status status="PASS" starttime="20250205 12:14:45.277" endtime="20250205 12:14:45.277"/>
</kw>
<status status="PASS" starttime="20250205 12:14:45.276" endtime="20250205 12:14:45.278"/>
</test>
<test id="s1-t5" name="Testaa 4 Oikein" line="22">
<kw name="Tarkista Voitto" library="NettiLotto">
<var>${voitto}</var>
<arg>1 2 3 4 12 13 14</arg>
<arg>1 2 3 4 5 6 7</arg>
<arg>8</arg>
<arg>1.0</arg>
<msg timestamp="20250205 12:14:45.279" level="INFO">${voitto} = 10.0</msg>
<status status="PASS" starttime="20250205 12:14:45.279" endtime="20250205 12:14:45.279"/>
</kw>
<kw name="Should Be Equal As Numbers" library="BuiltIn">
<arg>${voitto}</arg>
<arg>10</arg>
<doc>Fails if objects are unequal after converting them to real numbers.</doc>
<msg timestamp="20250205 12:14:45.279" level="INFO">Argument types are:
&lt;class 'float'&gt;
&lt;class 'str'&gt;</msg>
<status status="PASS" starttime="20250205 12:14:45.279" endtime="20250205 12:14:45.279"/>
</kw>
<status status="PASS" starttime="20250205 12:14:45.279" endtime="20250205 12:14:45.280"/>
</test>
<test id="s1-t6" name="Testaa 3 Oikein + Lisänumero" line="26">
<kw name="Tarkista Voitto" library="NettiLotto">
<var>${voitto}</var>
<arg>1 2 3 8 12 13 14</arg>
<arg>1 2 3 4 5 6 7</arg>
<arg>8</arg>
<arg>1.0</arg>
<msg timestamp="20250205 12:14:45.281" level="INFO">${voitto} = 2.0</msg>
<status status="PASS" starttime="20250205 12:14:45.281" endtime="20250205 12:14:45.281"/>
</kw>
<kw name="Should Be Equal As Numbers" library="BuiltIn">
<arg>${voitto}</arg>
<arg>2</arg>
<doc>Fails if objects are unequal after converting them to real numbers.</doc>
<msg timestamp="20250205 12:14:45.282" level="INFO">Argument types are:
&lt;class 'float'&gt;
&lt;class 'str'&gt;</msg>
<status status="PASS" starttime="20250205 12:14:45.282" endtime="20250205 12:14:45.282"/>
</kw>
<status status="PASS" starttime="20250205 12:14:45.280" endtime="20250205 12:14:45.282"/>
</test>
<test id="s1-t7" name="Testaa Pelkkä Lisänumero" line="30">
<kw name="Tarkista Voitto" library="NettiLotto">
<var>${voitto}</var>
<arg>8 10 11 12 13 14 15</arg>
<arg>1 2 3 4 5 6 7</arg>
<arg>8</arg>
<arg>1.0</arg>
<msg timestamp="20250205 12:14:45.283" level="INFO">${voitto} = 5.0</msg>
<status status="PASS" starttime="20250205 12:14:45.283" endtime="20250205 12:14:45.283"/>
</kw>
<kw name="Should Be Equal As Numbers" library="BuiltIn">
<arg>${voitto}</arg>
<arg>5</arg>
<doc>Fails if objects are unequal after converting them to real numbers.</doc>
<msg timestamp="20250205 12:14:45.284" level="INFO">Argument types are:
&lt;class 'float'&gt;
&lt;class 'str'&gt;</msg>
<status status="PASS" starttime="20250205 12:14:45.284" endtime="20250205 12:14:45.284"/>
</kw>
<status status="PASS" starttime="20250205 12:14:45.283" endtime="20250205 12:14:45.284"/>
</test>
<test id="s1-t8" name="Testaa Panoksen Vaikutus" line="34">
<kw name="Tarkista Voitto" library="NettiLotto">
<var>${voitto}</var>
<arg>1 2 3 4 5 10 11</arg>
<arg>1 2 3 4 5 6 7</arg>
<arg>8</arg>
<arg>2.0</arg>
<msg timestamp="20250205 12:14:45.285" level="INFO">${voitto} = 100.0</msg>
<status status="PASS" starttime="20250205 12:14:45.285" endtime="20250205 12:14:45.285"/>
</kw>
<kw name="Should Be Equal As Numbers" library="BuiltIn">
<arg>${voitto}</arg>
<arg>100</arg>
<doc>Fails if objects are unequal after converting them to real numbers.</doc>
<msg timestamp="20250205 12:14:45.286" level="INFO">Argument types are:
&lt;class 'float'&gt;
&lt;class 'str'&gt;</msg>
<status status="PASS" starttime="20250205 12:14:45.285" endtime="20250205 12:14:45.286"/>
</kw>
<status status="PASS" starttime="20250205 12:14:45.285" endtime="20250205 12:14:45.286"/>
</test>
<status status="PASS" starttime="20250205 12:14:45.229" endtime="20250205 12:14:45.287"/>
</suite>
<statistics>
<total>
<stat pass="8" fail="0" skip="0">All Tests</stat>
</total>
<tag>
</tag>
<suite>
<stat pass="8" fail="0" skip="0" id="s1" name="Winnings Test">Winnings Test</stat>
</suite>
</statistics>
<errors>
</errors>
</robot>
